<?xml version="1.0" encoding="UTF-8"?>
<!-- Generated by org.testng.reporters.JUnitReportReporter -->
<testsuite hostname="INLAPIWIN10028" name="com.sa.test.pages.UpdataCusLoginPassTest" tests="1" failures="0" timestamp="2 Nov 2018 10:06:23 GMT" time="56.224" errors="0">
  <testcase name="updateuserlogin" time="56.224" classname="com.sa.test.pages.UpdataCusLoginPassTest"/>
</testsuite> <!-- com.sa.test.pages.UpdataCusLoginPassTest -->
