<?xml version="1.0" encoding="UTF-8"?>
<!-- Generated by org.testng.reporters.JUnitReportReporter -->
<testsuite hostname="INLAPIWIN10028" name="com.sa.test.pages.HomePageTest" tests="1" failures="0" timestamp="22 Nov 2018 16:29:29 GMT" time="24.934" errors="0">
  <testcase name="pakg" time="24.934" classname="com.sa.test.pages.HomePageTest"/>
</testsuite> <!-- com.sa.test.pages.HomePageTest -->
