<?xml version="1.0" encoding="UTF-8"?>
<!-- Generated by org.testng.reporters.JUnitReportReporter -->
<testsuite hostname="INLAPIWIN10028" name="com.cv.pages.CustRegistration" tests="1" failures="0" timestamp="24 Oct 2018 05:26:42 GMT" time="0.743" errors="0">
  <testcase name="testdata" time="0.743" classname="com.cv.pages.CustRegistration"/>
</testsuite> <!-- com.cv.pages.CustRegistration -->
