<?xml version="1.0" encoding="UTF-8"?>
<!-- Generated by org.testng.reporters.JUnitReportReporter -->
<testsuite hostname="INLAPIWIN10028" name="com.sa.test.pages.HomePageTest" tests="4" failures="0" timestamp="26 Nov 2018 07:57:20 GMT" time="268.791" errors="0">
  <testcase name="MVT" time="132.886" classname="com.sa.test.pages.HomePageTest"/>
  <testcase name="MVT" time="43.144" classname="com.sa.test.pages.HomePageTest"/>
  <testcase name="MVT" time="41.559" classname="com.sa.test.pages.HomePageTest"/>
  <testcase name="MVT" time="51.202" classname="com.sa.test.pages.HomePageTest"/>
</testsuite> <!-- com.sa.test.pages.HomePageTest -->
