<?xml version="1.0" encoding="UTF-8"?>
<!-- Generated by org.testng.reporters.JUnitReportReporter -->
<testsuite hostname="INLAPIWIN10028" name="justtests.ExcelTest" tests="8" failures="0" timestamp="31 Oct 2018 05:28:22 GMT" time="140.024" errors="0">
  <testcase name="signuptest" time="16.469" classname="justtests.ExcelTest"/>
  <testcase name="signuptest" time="19.054" classname="justtests.ExcelTest"/>
  <testcase name="signuptest" time="16.630" classname="justtests.ExcelTest"/>
  <testcase name="signuptest" time="18.591" classname="justtests.ExcelTest"/>
  <testcase name="signuptest" time="18.151" classname="justtests.ExcelTest"/>
  <testcase name="signuptest" time="16.427" classname="justtests.ExcelTest"/>
  <testcase name="signuptest" time="18.585" classname="justtests.ExcelTest"/>
  <testcase name="signuptest" time="16.117" classname="justtests.ExcelTest"/>
</testsuite> <!-- justtests.ExcelTest -->
