<?xml version="1.0" encoding="UTF-8"?>
<!-- Generated by org.testng.reporters.JUnitReportReporter -->
<testsuite hostname="Anveshs-MacBook-Air.local" name="com.sa.test.pages.HomePageTest" tests="1" failures="0" timestamp="23 Nov 2018 18:09:57 GMT" time="111.488" errors="0">
  <testcase name="MVT" time="111.488" classname="com.sa.test.pages.HomePageTest"/>
</testsuite> <!-- com.sa.test.pages.HomePageTest -->
