<?xml version="1.0" encoding="UTF-8"?>
<!-- Generated by org.testng.reporters.JUnitReportReporter -->
<testsuite hostname="INLAPIWIN10028" name="com.sa.test.pages.Loginpagetest" tests="2" failures="0" timestamp="26 Oct 2018 04:24:01 GMT" time="29.788" errors="0">
  <testcase name="aplogotest" time="7.227" classname="com.sa.test.pages.Loginpagetest"/>
  <testcase name="verify" time="22.561" classname="com.sa.test.pages.Loginpagetest"/>
</testsuite> <!-- com.sa.test.pages.Loginpagetest -->
