<?xml version="1.0" encoding="UTF-8"?>
<!-- Generated by org.testng.reporters.JUnitReportReporter -->
<testsuite hostname="INLAPIWIN10028" name="com.sa.test.pages.Loginpagetest" tests="2" failures="0" timestamp="16 Oct 2018 09:28:15 GMT" time="33.147" errors="0">
  <testcase name="aplogotest" time="8.362" classname="com.sa.test.pages.Loginpagetest"/>
  <testcase name="verify" time="24.785" classname="com.sa.test.pages.Loginpagetest"/>
</testsuite> <!-- com.sa.test.pages.Loginpagetest -->
