<?xml version="1.0" encoding="UTF-8"?>
<!-- Generated by org.testng.reporters.JUnitReportReporter -->
<testsuite hostname="INLAPIWIN10028" name="justtests.ExcelTest" tests="1" failures="0" timestamp="23 Oct 2018 10:07:47 GMT" time="0.612" errors="0">
  <testcase name="testdata" time="0.612" classname="justtests.ExcelTest"/>
</testsuite> <!-- justtests.ExcelTest -->
