<?xml version="1.0" encoding="UTF-8"?>
<!-- Generated by org.testng.reporters.JUnitReportReporter -->
<testsuite hostname="INLAPIWIN10028" name="com.sa.test.pages.Loginpagetest" tests="1" failures="0" timestamp="15 Nov 2018 12:21:16 GMT" time="26.368" errors="0">
  <testcase name="aplogotest" time="26.368" classname="com.sa.test.pages.Loginpagetest"/>
</testsuite> <!-- com.sa.test.pages.Loginpagetest -->
