<?xml version="1.0" encoding="UTF-8"?>
<!-- Generated by org.testng.reporters.JUnitReportReporter -->
<testsuite hostname="INLAPIWIN10028" name="com.sa.test.pages.CancelApptFromApptHistory" tests="1" failures="0" timestamp="2 Nov 2018 05:57:43 GMT" time="46.107" errors="0">
  <testcase name="cancelapptfromappthistory" time="46.107" classname="com.sa.test.pages.CancelApptFromApptHistory"/>
</testsuite> <!-- com.sa.test.pages.CancelApptFromApptHistory -->
