<?xml version="1.0" encoding="UTF-8"?>
<!-- Generated by org.testng.reporters.JUnitReportReporter -->
<testsuite hostname="INLAPIWIN10028" name="com.sa.test.pages.HomePageTest" tests="1" failures="0" timestamp="27 Nov 2018 11:45:25 GMT" time="121.371" errors="0">
  <testcase name="MVT" time="121.371" classname="com.sa.test.pages.HomePageTest"/>
</testsuite> <!-- com.sa.test.pages.HomePageTest -->
