<?xml version="1.0" encoding="UTF-8"?>
<!-- Generated by org.testng.reporters.JUnitReportReporter -->
<testsuite hostname="INLAPIWIN10028" name="com.sa.test.pages.Loginpagetest" tests="2" failures="0" timestamp="13 Nov 2018 12:03:14 GMT" time="57.879" errors="0">
  <testcase name="verify" time="28.786" classname="com.sa.test.pages.Loginpagetest"/>
  <testcase name="aplogotest" time="29.093" classname="com.sa.test.pages.Loginpagetest"/>
</testsuite> <!-- com.sa.test.pages.Loginpagetest -->
