<?xml version="1.0" encoding="UTF-8"?>
<!-- Generated by org.testng.reporters.JUnitReportReporter -->
<testsuite hostname="INLAPIWIN10028" name="justtests.IframeTest" tests="1" failures="0" timestamp="15 Nov 2018 10:08:56 GMT" time="19.589" errors="0">
  <testcase name="iframe" time="19.589" classname="justtests.IframeTest"/>
</testsuite> <!-- justtests.IframeTest -->
