<?xml version="1.0" encoding="UTF-8"?>
<!-- Generated by org.testng.reporters.JUnitReportReporter -->
<testsuite hostname="Anveshs-MacBook-Air.local" name="justtests.Annotations" tests="3" failures="0" timestamp="27 Oct 2018 12:10:14 GMT" time="0.010" errors="0">
  <testcase name="apple" time="0.002" classname="justtests.Annotations"/>
  <testcase name="beetroot" time="0.002" classname="justtests.Annotations"/>
  <testcase name="grapes" time="0.006" classname="justtests.Annotations"/>
</testsuite> <!-- justtests.Annotations -->
