<?xml version="1.0" encoding="UTF-8"?>
<!-- Generated by org.testng.reporters.JUnitReportReporter -->
<testsuite hostname="INLAPIWIN10028" name="com.sa.test.pages.UpdataCusLoginPassTest" tests="1" failures="0" timestamp="30 Oct 2018 11:29:46 GMT" time="47.014" errors="0">
  <testcase name="updateuserlogin" time="47.014" classname="com.sa.test.pages.UpdataCusLoginPassTest"/>
</testsuite> <!-- com.sa.test.pages.UpdataCusLoginPassTest -->
