<?xml version="1.0" encoding="UTF-8"?>
<!-- Generated by org.testng.reporters.JUnitReportReporter -->
<testsuite hostname="INLAPIWIN10028" name="justtests.IframeTest" tests="1" failures="0" timestamp="19 Nov 2018 13:09:13 GMT" time="34.856" errors="0">
  <testcase name="iFrame" time="34.856" classname="justtests.IframeTest"/>
</testsuite> <!-- justtests.IframeTest -->
