<?xml version="1.0" encoding="UTF-8"?>
<!-- Generated by org.testng.reporters.JUnitReportReporter -->
<testsuite hostname="Anveshs-MacBook-Air.local" name="com.sa.test.pages.Loginpagetest" tests="2" failures="0" timestamp="29 Oct 2018 04:57:42 GMT" time="40.965" errors="0">
  <testcase name="verify" time="31.588" classname="com.sa.test.pages.Loginpagetest"/>
  <testcase name="aplogotest" time="9.377" classname="com.sa.test.pages.Loginpagetest"/>
</testsuite> <!-- com.sa.test.pages.Loginpagetest -->
