<?xml version="1.0" encoding="UTF-8"?>
<!-- Generated by org.testng.reporters.JUnitReportReporter -->
<testsuite hostname="Anveshs-MacBook-Air.local" name="com.sa.test.pages.Loginpagetest" tests="2" failures="0" timestamp="22 Dec 2018 13:15:43 GMT" time="48.081" errors="0">
  <testcase name="aplogotest" time="10.060" classname="com.sa.test.pages.Loginpagetest"/>
  <testcase name="verify" time="38.021" classname="com.sa.test.pages.Loginpagetest"/>
</testsuite> <!-- com.sa.test.pages.Loginpagetest -->
