<?xml version="1.0" encoding="UTF-8"?>
<!-- Generated by org.testng.reporters.JUnitReportReporter -->
<testsuite hostname="INLAPIWIN10028" name="com.sa.test.pages.Loginpagetest" tests="2" failures="0" timestamp="17 Oct 2018 05:22:49 GMT" time="38.863" errors="0">
  <testcase name="aplogotest" time="16.366" classname="com.sa.test.pages.Loginpagetest"/>
  <testcase name="verify" time="22.497" classname="com.sa.test.pages.Loginpagetest"/>
</testsuite> <!-- com.sa.test.pages.Loginpagetest -->
