<?xml version="1.0" encoding="UTF-8"?>
<!-- Generated by org.testng.reporters.JUnitReportReporter -->
<testsuite hostname="INLAPIWIN10028" name="com.sa.test.pages.HomePageLinks" tests="1" failures="0" timestamp="8 Nov 2018 15:58:55 GMT" time="6.320" errors="0">
  <testcase name="links" time="6.320" classname="com.sa.test.pages.HomePageLinks"/>
</testsuite> <!-- com.sa.test.pages.HomePageLinks -->
