<?xml version="1.0" encoding="UTF-8"?>
<!-- Generated by org.testng.reporters.JUnitReportReporter -->
<testsuite hostname="INLAPIWIN10028" name="justtests.ExcelTest" tests="4" failures="0" timestamp="24 Oct 2018 10:54:40 GMT" time="70.630" errors="0">
  <testcase name="signuptest" time="17.030" classname="justtests.ExcelTest"/>
  <testcase name="signuptest" time="17.017" classname="justtests.ExcelTest"/>
  <testcase name="signuptest" time="18.007" classname="justtests.ExcelTest"/>
  <testcase name="signuptest" time="18.576" classname="justtests.ExcelTest"/>
</testsuite> <!-- justtests.ExcelTest -->
