<?xml version="1.0" encoding="UTF-8"?>
<!-- Generated by org.testng.reporters.JUnitReportReporter -->
<testsuite hostname="Anveshs-MacBook-Air.local" name="com.sa.test.pages.Loginpagetest" tests="2" failures="0" timestamp="5 Nov 2018 05:44:28 GMT" time="41.721" errors="0">
  <testcase name="verify" time="30.640" classname="com.sa.test.pages.Loginpagetest"/>
  <testcase name="aplogotest" time="11.081" classname="com.sa.test.pages.Loginpagetest"/>
</testsuite> <!-- com.sa.test.pages.Loginpagetest -->
