<?xml version="1.0" encoding="UTF-8"?>
<!-- Generated by org.testng.reporters.JUnitReportReporter -->
<testsuite hostname="Anveshs-MacBook-Air.local" name="com.sa.test.pages.Staffaccesstypetest" tests="2" failures="0" timestamp="5 Nov 2018 05:42:38 GMT" time="84.655" errors="0">
  <testcase name="verifyifaccesstypeselected" time="39.789" classname="com.sa.test.pages.Staffaccesstypetest"/>
  <testcase name="VerifyStaffDaysUpdatetest" time="44.866" classname="com.sa.test.pages.Staffaccesstypetest"/>
</testsuite> <!-- com.sa.test.pages.Staffaccesstypetest -->
