<?xml version="1.0" encoding="UTF-8"?>
<!-- Generated by org.testng.reporters.JUnitReportReporter -->
<testsuite hostname="INLAPIWIN10028" name="com.sa.test.pages.Staffaccesstypetest" tests="2" failures="0" timestamp="13 Nov 2018 12:03:14 GMT" time="78.389" errors="0">
  <testcase name="verifyifaccesstypeselected" time="40.197" classname="com.sa.test.pages.Staffaccesstypetest"/>
  <testcase name="VerifyStaffDaysUpdatetest" time="38.192" classname="com.sa.test.pages.Staffaccesstypetest"/>
</testsuite> <!-- com.sa.test.pages.Staffaccesstypetest -->
