<?xml version="1.0" encoding="UTF-8"?>
<!-- Generated by org.testng.reporters.JUnitReportReporter -->
<testsuite hostname="INLAPIWIN10028" name="com.sa.test.pages.ZendeskPageLinks" tests="1" failures="0" timestamp="13 Nov 2018 10:00:04 GMT" time="249.201" errors="0">
  <testcase name="links" time="249.201" classname="com.sa.test.pages.ZendeskPageLinks"/>
</testsuite> <!-- com.sa.test.pages.ZendeskPageLinks -->
