<?xml version="1.0" encoding="UTF-8"?>
<!-- Generated by org.testng.reporters.JUnitReportReporter -->
<testsuite hostname="INLAPIWIN10028" name="com.sa.test.pages.Staffaccesstypetest" tests="2" failures="0" timestamp="26 Oct 2018 03:55:30 GMT" time="70.333" errors="0">
  <testcase name="VerifyStaffDaysUpdatetest" time="33.656" classname="com.sa.test.pages.Staffaccesstypetest"/>
  <testcase name="verifyifaccesstypeselected" time="36.677" classname="com.sa.test.pages.Staffaccesstypetest"/>
</testsuite> <!-- com.sa.test.pages.Staffaccesstypetest -->
