<?xml version="1.0" encoding="UTF-8"?>
<!-- Generated by org.testng.reporters.JUnitReportReporter -->
<testsuite hostname="Anveshs-MacBook-Air.local" name="com.sa.test.pages.ZendeskPageLinks" tests="1" failures="0" timestamp="13 Nov 2018 16:48:55 GMT" time="493.107" errors="0">
  <testcase name="links" time="493.107" classname="com.sa.test.pages.ZendeskPageLinks"/>
</testsuite> <!-- com.sa.test.pages.ZendeskPageLinks -->
