<?xml version="1.0" encoding="UTF-8"?>
<!-- Generated by org.testng.reporters.JUnitReportReporter -->
<testsuite hostname="INLAPIWIN10028" name="justtests.ExcelTest" tests="8" failures="0" timestamp="29 Oct 2018 10:26:39 GMT" time="133.597" errors="0">
  <testcase name="signuptest" time="17.577" classname="justtests.ExcelTest"/>
  <testcase name="signuptest" time="16.121" classname="justtests.ExcelTest"/>
  <testcase name="signuptest" time="15.640" classname="justtests.ExcelTest"/>
  <testcase name="signuptest" time="16.572" classname="justtests.ExcelTest"/>
  <testcase name="signuptest" time="19.148" classname="justtests.ExcelTest"/>
  <testcase name="signuptest" time="16.518" classname="justtests.ExcelTest"/>
  <testcase name="signuptest" time="16.478" classname="justtests.ExcelTest"/>
  <testcase name="signuptest" time="15.543" classname="justtests.ExcelTest"/>
</testsuite> <!-- justtests.ExcelTest -->
